Watching for file changes with StatReloader
Performing system checks...

System check identified some issues:

WARNINGS:
todos.Todo: (models.W042) Auto-created primary key used when not defining a primary key type, by default 'django.db.models.AutoField'.
	HINT: Configure the DEFAULT_AUTO_FIELD setting or the TodosConfig.default_auto_field attribute to point to a subclass of AutoField, e.g. 'django.db.models.BigAutoField'.

System check identified 1 issue (0 silenced).
August 11, 2023 - 12:16:45
Django version 4.2.4, using settings 'todoApp.settings'
Starting development server at http://127.0.0.1:8000/
Quit the server with CONTROL-C.

Watching for file changes with StatReloader
Performing system checks...

System check identified some issues:

WARNINGS:
todos.Todo: (models.W042) Auto-created primary key used when not defining a primary key type, by default 'django.db.models.AutoField'.
	HINT: Configure the DEFAULT_AUTO_FIELD setting or the TodosConfig.default_auto_field attribute to point to a subclass of AutoField, e.g. 'django.db.models.BigAutoField'.

System check identified 1 issue (0 silenced).
Error: That port is already in use.
Watching for file changes with StatReloader
Performing system checks...

System check identified some issues:

WARNINGS:
todos.Todo: (models.W042) Auto-created primary key used when not defining a primary key type, by default 'django.db.models.AutoField'.
	HINT: Configure the DEFAULT_AUTO_FIELD setting or the TodosConfig.default_auto_field attribute to point to a subclass of AutoField, e.g. 'django.db.models.BigAutoField'.

System check identified 1 issue (0 silenced).
August 11, 2023 - 12:19:32
Django version 4.2.4, using settings 'todoApp.settings'
Starting development server at http://0.0.0.0:8001/
Quit the server with CONTROL-C.

[11/Aug/2023 12:19:41] "GET / HTTP/1.1" 302 0
[11/Aug/2023 12:19:42] "GET /todos HTTP/1.1" 301 0
[11/Aug/2023 12:19:42] "GET /todos/ HTTP/1.1" 200 3515
[11/Aug/2023 12:19:43] "GET /static/css/style.css HTTP/1.1" 200 225
Not Found: /favicon.ico
[11/Aug/2023 12:19:45] "GET /favicon.ico HTTP/1.1" 404 2573
[11/Aug/2023 12:19:56] "GET /todos/ HTTP/1.1" 200 3515
[11/Aug/2023 12:19:58] "GET /todos/ HTTP/1.1" 200 3515
[11/Aug/2023 12:20:06] "GET /todos/ HTTP/1.1" 200 3515
[11/Aug/2023 12:23:33] code 400, message Bad request version ('À\x14À')
[11/Aug/2023 12:23:33] You're accessing the development server over HTTPS, but it only supports HTTP.
Watching for file changes with StatReloader
Performing system checks...

System check identified some issues:

WARNINGS:
todos.Todo: (models.W042) Auto-created primary key used when not defining a primary key type, by default 'django.db.models.AutoField'.
	HINT: Configure the DEFAULT_AUTO_FIELD setting or the TodosConfig.default_auto_field attribute to point to a subclass of AutoField, e.g. 'django.db.models.BigAutoField'.

System check identified 1 issue (0 silenced).
August 11, 2023 - 15:01:41
Django version 4.2.4, using settings 'todoApp.settings'
Starting development server at http://0.0.0.0:8001/
Quit the server with CONTROL-C.

[11/Aug/2023 15:01:49] "GET / HTTP/1.1" 302 0
[11/Aug/2023 15:01:49] "GET /todos HTTP/1.1" 301 0
[11/Aug/2023 15:01:50] "GET /todos/ HTTP/1.1" 200 3515
[11/Aug/2023 15:01:50] "GET /static/css/style.css HTTP/1.1" 200 225
Not Found: /favicon.ico
[11/Aug/2023 15:01:52] "GET /favicon.ico HTTP/1.1" 404 2575
[11/Aug/2023 15:02:01] "POST /todos/add/ HTTP/1.1" 302 0
[11/Aug/2023 15:02:02] "GET /todos/ HTTP/1.1" 200 4089
[11/Aug/2023 15:02:18] "GET /todos/ HTTP/1.1" 200 4089
[11/Aug/2023 15:02:23] "POST /todos/add/ HTTP/1.1" 302 0
[11/Aug/2023 15:02:24] "GET /todos/ HTTP/1.1" 200 4663
